<?xml version="1.0" encoding="UTF-8" ?>
<testsuites>
  <testsuite errors="0" failures="2" hostname="Aperture" id="0" name="OrderTestPercentDiscount" package="test" skipped="0" tests="11" time="0.056" timestamp="2015-11-19T04:44:41">
      <properties>
[...]
</properties>

      <testcase classname="test.OrderTestPercentDiscount" name="percentageDiscountTest10" time="0.001" />

      <testcase classname="test.OrderTestPercentDiscount" name="percentageDiscountTest11" time="0.0" />

      <testcase classname="test.OrderTestPercentDiscount" name="percentageDiscountTest1" time="0.0" />

      <testcase classname="test.OrderTestPercentDiscount" name="percentageDiscountTest2" time="0.0" />

      <testcase classname="test.OrderTestPercentDiscount" name="percentageDiscountTest3" time="0.001" />

      <testcase classname="test.OrderTestPercentDiscount" name="percentageDiscountTest4" time="0.0" />

      <testcase classname="test.OrderTestPercentDiscount" name="percentageDiscountTest5" time="0.0" />

      <testcase classname="test.OrderTestPercentDiscount" name="percentageDiscountTest6" time="0.003">
          <failure message="expected:&lt;444.0&gt; but was:&lt;4884.0&gt;" type="junit.framework.AssertionFailedError">junit.framework.AssertionFailedError: expected:&lt;444.0&gt; but was:&lt;4884.0&gt;
	at test.OrderTestPercentDiscount.percentageDiscountTest6(Unknown Source)
</failure>

      </testcase>

      <testcase classname="test.OrderTestPercentDiscount" name="percentageDiscountTest7" time="0.0">
          <failure message="expected:&lt;0.0&gt; but was:&lt;-3996.0&gt;" type="junit.framework.AssertionFailedError">junit.framework.AssertionFailedError: expected:&lt;0.0&gt; but was:&lt;-3996.0&gt;
	at test.OrderTestPercentDiscount.percentageDiscountTest7(Unknown Source)
</failure>

      </testcase>

      <testcase classname="test.OrderTestPercentDiscount" name="percentageDiscountTest8" time="0.0" />

      <testcase classname="test.OrderTestPercentDiscount" name="percentageDiscountTest9" time="0.0" />

      <system-out><![CDATA[]]></system-out>

      <system-err><![CDATA[]]></system-err>

  </testsuite>
  <testsuite errors="0" failures="0" hostname="Aperture" id="1" name="OrderTestRandomDiscount" package="test" skipped="0" tests="1" time="0.047" timestamp="2015-11-19T04:44:41">
      <properties>
[...]
</properties>

      <testcase classname="test.OrderTestRandomDiscount" name="randomDiscountTest1" time="0.003" />

      <system-out><![CDATA[]]></system-out>

      <system-err><![CDATA[]]></system-err>

  </testsuite>
  <testsuite errors="0" failures="2" hostname="Aperture" id="2" name="OrderTestStoreCreditDiscount" package="test" skipped="0" tests="11" time="0.057" timestamp="2015-11-19T04:44:41">
      <properties>
[...]
</properties>

      <testcase classname="test.OrderTestStoreCreditDiscount" name="creditDiscountTest10" time="0.001" />

      <testcase classname="test.OrderTestStoreCreditDiscount" name="creditDiscountTest11" time="0.0" />

      <testcase classname="test.OrderTestStoreCreditDiscount" name="creditDiscountTest1" time="0.0" />

      <testcase classname="test.OrderTestStoreCreditDiscount" name="creditDiscountTest2" time="0.0" />

      <testcase classname="test.OrderTestStoreCreditDiscount" name="creditDiscountTest3" time="0.0" />

      <testcase classname="test.OrderTestStoreCreditDiscount" name="creditDiscountTest4" time="0.0" />

      <testcase classname="test.OrderTestStoreCreditDiscount" name="creditDiscountTest5" time="0.0" />

      <testcase classname="test.OrderTestStoreCreditDiscount" name="creditDiscountTest6" time="0.004">
          <failure message="expected:&lt;444.0&gt; but was:&lt;1444.0&gt;" type="junit.framework.AssertionFailedError">junit.framework.AssertionFailedError: expected:&lt;444.0&gt; but was:&lt;1444.0&gt;
	at test.OrderTestStoreCreditDiscount.creditDiscountTest6(Unknown Source)
</failure>

      </testcase>

      <testcase classname="test.OrderTestStoreCreditDiscount" name="creditDiscountTest7" time="0.001">
          <failure message="expected:&lt;0.0&gt; but was:&lt;-556.0&gt;" type="junit.framework.AssertionFailedError">junit.framework.AssertionFailedError: expected:&lt;0.0&gt; but was:&lt;-556.0&gt;
	at test.OrderTestStoreCreditDiscount.creditDiscountTest7(Unknown Source)
</failure>

      </testcase>

      <testcase classname="test.OrderTestStoreCreditDiscount" name="creditDiscountTest8" time="0.0" />

      <testcase classname="test.OrderTestStoreCreditDiscount" name="creditDiscountTest9" time="0.0" />

      <system-out><![CDATA[]]></system-out>

      <system-err><![CDATA[]]></system-err>

  </testsuite>
</testsuites>
