<?xml version="1.0" encoding="UTF-8" ?>
<testsuite errors="1" failures="0" hostname="DK_Lenovo" name="test.OrderTest" skipped="0" tests="1" time="0.0" timestamp="2015-11-18T21:14:46">
  <properties>
[...]
</properties>
  <error message="test.OrderTest" type="java.lang.ClassNotFoundException">java.lang.ClassNotFoundException: test.OrderTest
	at java.net.URLClassLoader.findClass(URLClassLoader.java:381)
	at java.lang.ClassLoader.loadClass(ClassLoader.java:424)
	at sun.misc.Launcher$AppClassLoader.loadClass(Launcher.java:331)
	at java.lang.ClassLoader.loadClass(ClassLoader.java:357)
	at java.lang.Class.forName0(Native Method)
	at java.lang.Class.forName(Class.java:264)
</error>
  <system-out><![CDATA[]]></system-out>
  <system-err><![CDATA[]]></system-err>
</testsuite>
